N1/N1/proguard-project.txt
# To enable ProGuard in your project, edit project.properties
# to define the proguard.config property as described in that file.
#
# Add project specific ProGuard rules here.
# By default, the flags in this file are appended to flags specified
# in ${sdk.dir}/tools/proguard/proguard-android.txt
# You can edit the include path and order by changing the ProGuard
# include property in project.properties.
#
# For more details, see
#   http://developer.android.com/guide/developing/tools/proguard.html

# Add any project specific keep options here:

# If your project uses WebView with JS, uncomment the following
# and specify the fully qualified class name to the JavaScript interface
# class:
-keepclassmembers class fqcn.of.javascript.interface.for.webview {
 public *;
}

-keepattributes Exceptions,InnerClasses

-keep class io.rong.** {*;}

-keep class * implements io.rong.imlib.model.MessageContent{*;}

-keepattributes Signature

-keepattributes *Annotation*

-keep class sun.misc.Unsafe { *; }

-keep class com.google.gson.examples.android.model.** { *; }

-keepclassmembers class * extends com.sea_monster.dao.AbstractDao {
 public static java.lang.String TABLENAME;
}
-keep class **$Properties
-dontwarn org.eclipse.jdt.annotation.**

-keep class com.ultrapower.** {*;}