N1/N1/proguard/seeds.txt
com.lequan.n1.activity.AddFriendActivity
com.lequan.n1.activity.AddFriendActivity: AddFriendActivity()
com.lequan.n1.activity.AlbumActivity
com.lequan.n1.activity.AlbumActivity: AlbumActivity()
com.lequan.n1.activity.BaseActivity: BaseActivity()
com.lequan.n1.activity.CheckImageActivity
com.lequan.n1.activity.CheckImageActivity: CheckImageActivity()
com.lequan.n1.activity.ConversationActivity
com.lequan.n1.activity.ConversationActivity: ConversationActivity()
com.lequan.n1.activity.GalleryActivity
com.lequan.n1.activity.GalleryActivity: GalleryActivity()
com.lequan.n1.activity.GuideActivity
com.lequan.n1.activity.GuideActivity: GuideActivity()
com.lequan.n1.activity.HomeDetailsActivity
com.lequan.n1.activity.HomeDetailsActivity: HomeDetailsActivity()
com.lequan.n1.activity.HomeDetailsActivity: void onClick(android.view.View)
com.lequan.n1.activity.HomeTitleActivity
com.lequan.n1.activity.HomeTitleActivity: HomeTitleActivity()
com.lequan.n1.activity.HomeTitleActivity2
com.lequan.n1.activity.HomeTitleActivity2: HomeTitleActivity2()
com.lequan.n1.activity.ImageFile
com.lequan.n1.activity.ImageFile: ImageFile()
com.lequan.n1.activity.LoginActivity
com.lequan.n1.activity.LoginActivity: LoginActivity()
com.lequan.n1.activity.LoginActivity: void onClick(android.view.View)
com.lequan.n1.activity.MainActivity
com.lequan.n1.activity.MainActivity: MainActivity()
com.lequan.n1.activity.MessageNoticeDetailActivity
com.lequan.n1.activity.MessageNoticeDetailActivity: MessageNoticeDetailActivity()
com.lequan.n1.activity.OthersActivity
com.lequan.n1.activity.OthersActivity: OthersActivity()
com.lequan.n1.activity.OthersActivity: void onClick(android.view.View)
com.lequan.n1.activity.PblishWorkActivity: void onClick(android.view.View)
com.lequan.n1.activity.PersonalRewardActivity
com.lequan.n1.activity.PersonalRewardActivity: PersonalRewardActivity()
com.lequan.n1.activity.PersonalSettingAboutus
com.lequan.n1.activity.PersonalSettingAboutus: PersonalSettingAboutus()
com.lequan.n1.activity.PersonalSettingAboutus: void onClick(android.view.View)
com.lequan.n1.activity.PersonalSettingAccountandsafety
com.lequan.n1.activity.PersonalSettingAccountandsafety: PersonalSettingAccountandsafety()
com.lequan.n1.activity.PersonalSettingAccountandsafety: void onClick(android.view.View)
com.lequan.n1.activity.PersonalSettingActivity
com.lequan.n1.activity.PersonalSettingActivity: PersonalSettingActivity()
com.lequan.n1.activity.PersonalSettingActivity: void onClick(android.view.View)
com.lequan.n1.activity.PersonalSettingDataActivity
com.lequan.n1.activity.PersonalSettingDataActivity: PersonalSettingDataActivity()
com.lequan.n1.activity.PersonalSettingDataActivity: void onClick(android.view.View)
com.lequan.n1.activity.PersonalSettingEmail
com.lequan.n1.activity.PersonalSettingEmail: PersonalSettingEmail()
com.lequan.n1.activity.PersonalSettingEmail: void onClick(android.view.View)
com.lequan.n1.activity.PersonalSettingFeedback
com.lequan.n1.activity.PersonalSettingFeedback: PersonalSettingFeedback()
com.lequan.n1.activity.PersonalSettingFeedback: void onClick(android.view.View)
com.lequan.n1.activity.PersonalSettingPassword
com.lequan.n1.activity.PersonalSettingPassword: PersonalSettingPassword()
com.lequan.n1.activity.PersonalSettingPassword: void onClick(android.view.View)
com.lequan.n1.activity.PersonalSettingWeixinPay
com.lequan.n1.activity.PersonalSettingWeixinPay: PersonalSettingWeixinPay()
com.lequan.n1.activity.PersonalSettingWeixinPay: void onClick(android.view.View)
com.lequan.n1.activity.PersonalSettingZhifubao
com.lequan.n1.activity.PersonalSettingZhifubao: PersonalSettingZhifubao()
com.lequan.n1.activity.PersonalSettingZhifubao: void onClick(android.view.View)
com.lequan.n1.activity.PicDetailActivity
com.lequan.n1.activity.PicDetailActivity: PicDetailActivity()
com.lequan.n1.activity.PicDetailActivity: void onClick(android.view.View)
...
io.rong.imkit.fragment.MessageListFragment$1
io.rong.imkit.fragment.MessageListFragment$1: io.rong.imkit.fragment.MessageListFragment this$0
io.rong.imkit.fragment.MessageListFragment$1: MessageListFragment$1(io.rong.imkit.fragment.MessageListFragment)
io.rong.imkit.fragment.MessageListFragment$1: boolean onScroll(android.view.MotionEvent,android.view.MotionEvent,float,float)
io.rong.imkit.fragment.MessageListFragment$1: boolean onFling(android.view.MotionEvent,android.view.MotionEvent,float,float)
io.rong.imkit.fragment.MessageListFragment$10
io.rong.imkit.fragment.MessageListFragment$10: io.rong.imkit.fragment.MessageListFragment this$0
io.rong.imkit.fragment.MessageListFragment$10: MessageListFragment$10(io.rong.imkit.fragment.MessageListFragment)
io.rong.imkit.fragment.MessageListFragment$10: void onSuccess(java.util.List)
io.rong.imkit.fragment.MessageListFragment$10: void onError(io.rong.imlib.RongIMClient$ErrorCode)
io.rong.imkit.fragment.MessageListFragment$10: void onSuccess(java.lang.Object)
io.rong.imkit.fragment.MessageListFragment$11
io.rong.imkit.fragment.MessageListFragment$11: io.rong.imkit.fragment.MessageListFragment this$0
io.rong.imkit.fragment.MessageListFragment$11: MessageListFragment$11(io.rong.imkit.fragment.MessageListFragment)
io.rong.imkit.fragment.MessageListFragment$11: void run()
io.rong.imkit.fragment.MessageListFragment$12
io.rong.imkit.fragment.MessageListFragment$12: io.rong.imkit.fragment.MessageListFragment this$0
io.rong.imkit.fragment.MessageListFragment$12: MessageListFragment$12(io.rong.imkit.fragment.MessageListFragment)
io.rong.imkit.fragment.MessageListFragment$12: void onSuccess(io.rong.imlib.model.Conversation)
io.rong.imkit.fragment.MessageListFragment$12: void onError(io.rong.imlib.RongIMClient$ErrorCode)
io.rong.imkit.fragment.MessageListFragment$12: void onSuccess(java.lang.Object)
io.rong.imkit.fragment.MessageListFragment$12$1
io.rong.imkit.fragment.MessageListFragment$12$1: io.rong.imkit.fragment.MessageListFragment$12 this$1
io.rong.imkit.fragment.MessageListFragment$12$1: MessageListFragment$12$1(io.rong.imkit.fragment.MessageListFragment$12)
io.rong.imkit.fragment.MessageListFragment$12$1: void onClick(android.view.View)
io.rong.imkit.fragment.MessageListFragment$12$1$1
io.rong.imkit.fragment.MessageListFragment$12$1$1: io.rong.imkit.fragment.MessageListFragment$12$1 this$2
io.rong.imkit.fragment.MessageListFragment$12$1$1: MessageListFragment$12$1$1(io.rong.imkit.fragment.MessageListFragment$12$1)
io.rong.imkit.fragment.MessageListFragment$12$1$1: void onAnimationStart(android.view.animation.Animation)
io.rong.imkit.fragment.MessageListFragment$12$1$1: void onAnimationEnd(android.view.animation.Animation)
io.rong.imkit.fragment.MessageListFragment$12$1$1: void onAnimationRepeat(android.view.animation.Animation)
io.rong.imkit.fragment.MessageListFragment$13
io.rong.imkit.fragment.MessageListFragment$13: io.rong.imkit.fragment.MessageListFragment this$0
io.rong.imkit.fragment.MessageListFragment$13: MessageListFragment$13(io.rong.imkit.fragment.MessageListFragment)
io.rong.imkit.fragment.MessageListFragment$13: void run()
io.rong.imkit.fragment.MessageListFragment$2
io.rong.imkit.fragment.MessageListFragment$2: io.rong.imkit.fragment.MessageListFragment this$0
io.rong.imkit.fragment.MessageListFragment$2: MessageListFragment$2(io.rong.imkit.fragment.MessageListFragment)
io.rong.imkit.fragment.MessageListFragment$2: void run()
io.rong.imkit.fragment.MessageListFragment$3
io.rong.imkit.fragment.MessageListFragment$3: io.rong.imkit.fragment.MessageListFragment this$0
io.rong.imkit.fragment.MessageListFragment$3: MessageListFragment$3(io.rong.imkit.fragment.MessageListFragment)
io.rong.imkit.fragment.MessageListFragment$3: void onClick(android.view.View)