N1/N1/proguard/mapping.txt
com.lequan.n1.activity.AddFriendActivity -> com.lequan.n1.activity.AddFriendActivity:
    android.widget.EditText et_add_friend_number -> a
    com.handmark.pulltorefresh.library.PullToRefreshListView rlv_add_friend -> b
    android.widget.ImageView backImg -> c
    android.app.ProgressDialog mDialog -> d
    int data_type -> e
    org.json.JSONArray mData -> f
    com.lequan.n1.activity.AddFriendActivity$AddFriendAdapter mAdapter -> g
    void initView() -> f
    void initData() -> g
    void initRandomFriend() -> j
    void loadFriendInfos(java.lang.String,java.util.Map) -> a
    void poccessData(org.json.JSONObject) -> a
    void initEvent() -> h
    boolean onOptionsItemSelected(android.view.MenuItem) -> onOptionsItemSelected
    android.view.View onCreateView(android.view.View,java.lang.String,android.content.Context,android.util.AttributeSet) -> onCreateView
    android.view.View onCreateView(java.lang.String,android.content.Context,android.util.AttributeSet) -> onCreateView
    org.json.JSONArray access$2(com.lequan.n1.activity.AddFriendActivity) -> a
    com.handmark.pulltorefresh.library.PullToRefreshListView access$3(com.lequan.n1.activity.AddFriendActivity) -> b
    android.app.ProgressDialog access$4(com.lequan.n1.activity.AddFriendActivity) -> c
    void access$5(com.lequan.n1.activity.AddFriendActivity,org.json.JSONObject) -> a
    void access$6(com.lequan.n1.activity.AddFriendActivity) -> d
com.lequan.n1.activity.AddFriendActivity$1 -> com.lequan.n1.activity.a:
    com.lequan.n1.activity.AddFriendActivity this$0 -> a
    java.lang.String val$url -> b
    java.util.Map val$params -> c
    void run() -> run
    com.lequan.n1.activity.AddFriendActivity access$0(com.lequan.n1.activity.AddFriendActivity$1) -> a
com.lequan.n1.activity.AddFriendActivity$1$1 -> com.lequan.n1.activity.b:
    com.lequan.n1.activity.AddFriendActivity$1 this$1 -> a
    void run() -> run
com.lequan.n1.activity.AddFriendActivity$1$2 -> com.lequan.n1.activity.c:
    com.lequan.n1.activity.AddFriendActivity$1 this$1 -> a
    org.json.JSONObject val$data -> b
    void run() -> run
com.lequan.n1.activity.AddFriendActivity$2 -> com.lequan.n1.activity.d:
    com.lequan.n1.activity.AddFriendActivity this$0 -> a
    void onClick(android.view.View) -> onClick
com.lequan.n1.activity.AddFriendActivity$3 -> com.lequan.n1.activity.e:
    com.lequan.n1.activity.AddFriendActivity this$0 -> a
    void onRefresh(com.handmark.pulltorefresh.library.PullToRefreshBase) -> a
com.lequan.n1.activity.AddFriendActivity$4 -> com.lequan.n1.activity.f:
    com.lequan.n1.activity.AddFriendActivity this$0 -> a
    boolean onEditorAction(android.widget.TextView,int,android.view.KeyEvent) -> onEditorAction
com.lequan.n1.activity.AddFriendActivity$5 -> com.lequan.n1.activity.g:
    com.lequan.n1.activity.AddFriendActivity this$0 -> a
    void onItemClick(android.widget.AdapterView,android.view.View,int,long) -> onItemClick
com.lequan.n1.activity.AddFriendActivity$AddFriendAdapter -> com.lequan.n1.activity.AddFriendActivity$a:
    com.lequan.n1.activity.AddFriendActivity this$0 -> a
    int getCount() -> getCount
    java.lang.Object getItem(int) -> getItem
    long getItemId(int) -> getItemId
    android.view.View getView(int,android.view.View,android.view.ViewGroup) -> getView
...
com.nostra13.universalimageloader.core.DisplayImageOptions$Builder -> com.d.a.b.c$a:
    int imageResOnLoading -> a
    int imageResForEmptyUri -> b
    int imageResOnFail -> c
    android.graphics.drawable.Drawable imageOnLoading -> d
    android.graphics.drawable.Drawable imageForEmptyUri -> e
    android.graphics.drawable.Drawable imageOnFail -> f
    boolean resetViewBeforeLoading -> g
    boolean cacheInMemory -> h
    boolean cacheOnDisc -> i
    com.nostra13.universalimageloader.core.assist.ImageScaleType imageScaleType -> j
    android.graphics.BitmapFactory$Options decodingOptions -> k
    int delayBeforeLoading -> l
    boolean considerExifParams -> m
    java.lang.Object extraForDownloader -> n
    com.nostra13.universalimageloader.core.process.BitmapProcessor preProcessor -> o
    com.nostra13.universalimageloader.core.process.BitmapProcessor postProcessor -> p
    com.nostra13.universalimageloader.core.display.BitmapDisplayer displayer -> q
    android.os.Handler handler -> r
    boolean isSyncLoading -> s
    com.nostra13.universalimageloader.core.DisplayImageOptions$Builder showImageOnLoading(int) -> a
    com.nostra13.universalimageloader.core.DisplayImageOptions$Builder showImageForEmptyUri(int) -> b
    com.nostra13.universalimageloader.core.DisplayImageOptions$Builder showImageOnFail(int) -> c
    com.nostra13.universalimageloader.core.DisplayImageOptions$Builder resetViewBeforeLoading(boolean) -> a
com.nostra13.universalimageloader.core.ImageLoader -> com.d.a.b.d:
    java.lang.String TAG -> a
    com.nostra13.universalimageloader.core.ImageLoaderConfiguration configuration -> b
    com.nostra13.universalimageloader.core.ImageLoaderEngine engine -> c
    com.nostra13.universalimageloader.core.listener.ImageLoadingListener emptyListener -> d
    com.nostra13.universalimageloader.core.ImageLoader instance -> e
    com.nostra13.universalimageloader.core.ImageLoader getInstance() -> a
    void init(com.nostra13.universalimageloader.core.ImageLoaderConfiguration) -> a
    void displayImage(java.lang.String,com.nostra13.universalimageloader.core.imageaware.ImageAware,com.nostra13.universalimageloader.core.DisplayImageOptions,com.nostra13.universalimageloader.core.listener.ImageLoadingListener,com.nostra13.universalimageloader.core.listener.ImageLoadingProgressListener) -> a
    void displayImage(java.lang.String,android.widget.ImageView,com.nostra13.universalimageloader.core.DisplayImageOptions) -> a
    void loadImage(java.lang.String,com.nostra13.universalimageloader.core.assist.ImageSize,com.nostra13.universalimageloader.core.listener.ImageLoadingListener) -> a
    void loadImage(java.lang.String,com.nostra13.universalimageloader.core.assist.ImageSize,com.nostra13.universalimageloader.core.DisplayImageOptions,com.nostra13.universalimageloader.core.listener.ImageLoadingListener,com.nostra13.universalimageloader.core.listener.ImageLoadingProgressListener) -> a