N1/N1/proguard/usage.txt
com.lequan.n1.activity.AddFriendActivity:
    private static final int TYPE_SINGLE
    private static final int TYPE_MORE
com.lequan.n1.activity.BuildConfig
com.lequan.n1.activity.GalleryActivity:
    private android.widget.TextView positionTextView
    android.widget.RelativeLayout photo_relativeLayout
com.lequan.n1.activity.HomeDetailsActivity:
    private com.lequan.n1.entity.FriendEntity friendEntity
    private com.lequan.n1.activity.HomeDetailsActivity$recyclerViewAdapter mRyAdapter
    private java.lang.String homeUrl
    300:315:private void loderMore(com.lequan.n1.entity.FriendEntity)
com.lequan.n1.activity.HomeDetailsActivity$5
com.lequan.n1.activity.HomeDetailsActivity$recyclerViewAdapter:
    493:494:public void setData(java.util.List)
com.lequan.n1.activity.MainActivity:
    public static final int HOME
    public static final int FRIEND
    public static final int MESSAGE
    public static final int PERSONAL
    private android.widget.FrameLayout fl_main
com.lequan.n1.activity.MessageNoticeDetailActivity:
    private static final int STATE_LOADING
    private static final int STATE_EMPTY
    private static final int STATE_SUCCESSS
    public static final int TYPE_ATTENTION
    public static final int TYPE_COMMENT
    public static final int TYPE_PRAISE
com.lequan.n1.activity.OthersActivity:
    private android.widget.ImageView others_back
    private android.widget.LinearLayout others_rbt_fensi
    private android.support.v7.widget.RecyclerView rv
com.lequan.n1.activity.PblishWorkActivity
com.lequan.n1.activity.PblishWorkActivity$1
com.lequan.n1.activity.PblishWorkActivity$2
com.lequan.n1.activity.PblishWorkActivity$3
com.lequan.n1.activity.PblishWorkActivity$4
com.lequan.n1.activity.PblishWorkActivity$5
com.lequan.n1.activity.PersonalRewardActivity$RewardAdapter$PersonRewardDetailViewHolder:
    private android.widget.ImageView iv_personreward
com.lequan.n1.activity.PersonalSettingDataActivity:
    private static final int REQ_TAKE_CODE
    private static final int REQ_PICK_CODE
    private static final int REQ_ZOOM_CODE
    private static final int CROP
com.lequan.n1.activity.PersonalSettingFeedback:
    private android.widget.ImageView iv_feedback_back
    private android.widget.TextView tv_feedback_send
com.lequan.n1.activity.PersonalSettingWeixinPay:
    private android.widget.ImageView zhifubao_back
    private android.widget.ImageView zhifubao_bangding
com.lequan.n1.activity.PersonalSettingZhifubao:
    private android.widget.ImageView zhifubao_back
    private android.widget.ImageView zhifubao_bangding
com.lequan.n1.activity.PublishWorkActivity:
    private java.io.File tempFile
    private static final int PUBLISH_PIC
    private android.content.Intent intent
    private static final int TAKE_PICTURE
    292:298:public java.lang.String getString(java.lang.String)
com.lequan.n1.activity.PublishWorkActivity$GridAdapter:
    private boolean shape
    191:191:public boolean isShape()
    195:196:public void setShape(boolean)
    222:223:public void setSelectedPosition(int)
    226:226:public int getSelectedPosition()
com.lequan.n1.activity.R:
    10:10:public R()
com.lequan.n1.activity.R$anim
com.lequan.n1.activity.R$array
com.lequan.n1.activity.R$attr
com.lequan.n1.activity.R$bool
com.lequan.n1.activity.R$color
com.lequan.n1.activity.R$dimen
com.lequan.n1.activity.R$drawable
com.lequan.n1.activity.R$id
com.lequan.n1.activity.R$integer
com.lequan.n1.activity.R$layout
com.lequan.n1.activity.R$menu
com.lequan.n1.activity.R$string
com.lequan.n1.activity.R$style
com.lequan.n1.activity.R$styleable:
    5488:5488:public R$styleable()
com.lequan.n1.activity.R$xml
com.lequan.n1.activity.fragment.FragmentGeRen_GuanZhu:
    private java.util.List heights
com.lequan.n1.activity.fragment.FragmentGeRen_XuanShang:
    private android.widget.ImageView xuanshangImg
    private java.util.List heights
    private android.content.Intent intent
...
com.sea_monster.dao.FuncProperty$CountProperty
com.sea_monster.dao.FuncProperty$MaxProperty
com.sea_monster.dao.FuncProperty$MinProperty
com.sea_monster.dao.IQueryDaoAccess
com.sea_monster.dao.IQueryDaoAccess$InternalQueryDaoAccess
com.sea_monster.dao.IQueryDaoAccess$InternalQueryDeepDaoAccess
com.sea_monster.dao.InternalUnitTestDaoAccess
com.sea_monster.dao.Property
com.sea_monster.dao.async.AsyncDaoException
com.sea_monster.dao.async.AsyncOperation
com.sea_monster.dao.async.AsyncOperation$OperationType
com.sea_monster.dao.async.AsyncOperationExecutor
com.sea_monster.dao.async.AsyncOperationExecutor$1
com.sea_monster.dao.async.AsyncOperationListener
com.sea_monster.dao.async.AsyncSession
com.sea_monster.dao.identityscope.IdentityScope
com.sea_monster.dao.identityscope.IdentityScopeLong
com.sea_monster.dao.identityscope.IdentityScopeObject
com.sea_monster.dao.identityscope.IdentityScopeType
com.sea_monster.dao.internal.DaoConfig
com.sea_monster.dao.internal.FastCursor
com.sea_monster.dao.internal.LongHashMap
com.sea_monster.dao.internal.LongHashMap$Entry
com.sea_monster.dao.internal.SqlUtils
com.sea_monster.dao.internal.TableStatements
com.sea_monster.dao.query.AbstractQuery
com.sea_monster.dao.query.AbstractQueryData
com.sea_monster.dao.query.CloseableListIterator
com.sea_monster.dao.query.CountQuery
com.sea_monster.dao.query.CountQuery$1
com.sea_monster.dao.query.CountQuery$QueryData
com.sea_monster.dao.query.DeepQuery
com.sea_monster.dao.query.DeepQuery$1
com.sea_monster.dao.query.DeepQuery$QueryData
com.sea_monster.dao.query.DeepQueryBuilder
com.sea_monster.dao.query.DeleteQuery
com.sea_monster.dao.query.DeleteQuery$1
com.sea_monster.dao.query.DeleteQuery$QueryData
com.sea_monster.dao.query.FuncQuery
com.sea_monster.dao.query.FuncQuery$1
com.sea_monster.dao.query.FuncQuery$QueryData
com.sea_monster.dao.query.GroupQuery
com.sea_monster.dao.query.GroupQuery$1
com.sea_monster.dao.query.GroupQuery$QueryData
com.sea_monster.dao.query.GroupQuery$QueryResultConsume
com.sea_monster.dao.query.LazyList
com.sea_monster.dao.query.LazyList$LazyIterator
com.sea_monster.dao.query.Query
com.sea_monster.dao.query.Query$1
com.sea_monster.dao.query.Query$QueryData
com.sea_monster.dao.query.QueryBuilder
com.sea_monster.dao.query.UpdateQuery
com.sea_monster.dao.query.UpdateQuery$1
com.sea_monster.dao.query.UpdateQuery$QueryData
com.sea_monster.dao.query.WhereCondition
com.sea_monster.dao.query.WhereCondition$AbstractCondition
com.sea_monster.dao.query.WhereCondition$PropertyCondition
com.sea_monster.dao.query.WhereCondition$PropertySelfCondition
com.sea_monster.dao.query.WhereCondition$StringCondition
com.sea_monster.dao.query.WhereCondition$UpdateCondition
com.sea_monster.dao.test.AbstractDaoSessionTest
com.sea_monster.dao.test.AbstractDaoTest
com.sea_monster.dao.test.AbstractDaoTestLongPk
com.sea_monster.dao.test.AbstractDaoTestSinglePk
com.sea_monster.dao.test.AbstractDaoTestStringPk
com.sea_monster.dao.test.DbTest
com.sea_monster.exception.BaseException:
    private static final long serialVersionUID
    8:9:public BaseException(java.lang.String,java.lang.Throwable)
com.sea_monster.exception.HttpException:
    private static final long serialVersionUID
    8:9:public HttpException(java.lang.String)